<?xml version="1.0" encoding="UTF-8"?>
<!-- Generated by org.testng.reporters.JUnitReportReporter -->
<testsuite skipped="0" hostname="ATMECSINDT-018" name="com.atmecs.automation.FirstTestNg.LearnTestNg" tests="1" failures="0" timestamp="24 Jan 2019 10:06:59 GMT" time="10.866" errors="0">
  <testcase name="f" time="10.866" classname="com.atmecs.automation.FirstTestNg.LearnTestNg"/>
</testsuite> <!-- com.atmecs.automation.FirstTestNg.LearnTestNg -->
